#
# There is insufficient memory for the Java Runtime Environment to continue.
# Native memory allocation (malloc) failed to allocate 940976 bytes for Chunk::new
# Possible reasons:
#   The system is out of physical RAM or swap space
#   In 32 bit mode, the process size limit was hit
# Possible solutions:
#   Reduce memory load on the system
#   Increase physical memory or swap space
#   Check if swap backing store is full
#   Use 64 bit Java on a 64 bit OS
#   Decrease Java heap size (-Xmx/-Xms)
#   Decrease number of Java threads
#   Decrease Java thread stack sizes (-Xss)
#   Set larger code cache with -XX:ReservedCodeCacheSize=
# This output file may be truncated or incomplete.
#
#  Out of Memory Error (allocation.cpp:390), pid=15452, tid=0x00000000000068fc
#
# JRE version: OpenJDK Runtime Environment (8.0_152-b01) (build 1.8.0_152-release-1343-b01)
# Java VM: OpenJDK 64-Bit Server VM (25.152-b01 mixed mode windows-amd64 compressed oops)
# Failed to write core dump. Minidumps are not enabled by default on client versions of Windows
#

---------------  T H R E A D  ---------------

Current thread (0x000000001604c000):  JavaThread "C2 CompilerThread0" daemon [_thread_in_native, id=26876, stack(0x0000000017690000,0x0000000017790000)]

Stack: [0x0000000017690000,0x0000000017790000]
[error occurred during error reporting (printing stack bounds), id 0xc0000005]

Native frames: (J=compiled Java code, j=interpreted, Vv=VM code, C=native code)


Current CompileTask:
C2:   2927 1473   !   4       java.net.URLClassLoader$1::run (63 bytes)


---------------  P R O C E S S  ---------------

Java Threads: ( => current thread )
  0x00000000199af800 JavaThread "Cache worker for journal cache (C:\Users\Daniel Torres\.gradle\caches\journal-1)" [_thread_blocked, id=38820, stack(0x000000001bac0000,0x000000001bbc0000)]
  0x00000000199a9800 JavaThread "File lock request listener" [_thread_in_native, id=20488, stack(0x000000001b9c0000,0x000000001bac0000)]
  0x0000000019159000 JavaThread "Cache worker for file hash cache (C:\Users\Daniel Torres\.gradle\caches\5.1.1\fileHashes)" [_thread_blocked, id=35244, stack(0x000000001b8c0000,0x000000001b9c0000)]
  0x0000000018946800 JavaThread "Thread-8" [_thread_blocked, id=38492, stack(0x000000001b7c0000,0x000000001b8c0000)]
  0x0000000018945800 JavaThread "Stdin handler" [_thread_blocked, id=23504, stack(0x000000001b6c0000,0x000000001b7c0000)]
  0x0000000019011000 JavaThread "Asynchronous log dispatcher for DefaultDaemonConnection: socket connection from /127.0.0.1:54784 to /127.0.0.1:54785" [_thread_blocked, id=3016, stack(0x000000001b5c0000,0x000000001b6c0000)]
  0x000000001900e000 JavaThread "Daemon worker" [_thread_in_native, id=16292, stack(0x000000001b4c0000,0x000000001b5c0000)]
  0x00000000199df000 JavaThread "Cancel handler" [_thread_blocked, id=22292, stack(0x000000001b3c0000,0x000000001b4c0000)]
  0x00000000191fa000 JavaThread "Handler for socket connection from /127.0.0.1:54784 to /127.0.0.1:54785" [_thread_in_native, id=31052, stack(0x000000001b0c0000,0x000000001b1c0000)]
  0x00000000192c0000 JavaThread "Daemon" [_thread_blocked, id=39496, stack(0x000000001afc0000,0x000000001b0c0000)]
  0x00000000189f2000 JavaThread "Daemon periodic checks" [_thread_blocked, id=9992, stack(0x000000001aec0000,0x000000001afc0000)]
  0x000000001935c800 JavaThread "Incoming local TCP Connector on port 54784" [_thread_in_native, id=39480, stack(0x0000000019760000,0x0000000019860000)]
  0x00000000160ac800 JavaThread "Service Thread" daemon [_thread_blocked, id=36924, stack(0x0000000017d90000,0x0000000017e90000)]
  0x000000001605a000 JavaThread "C1 CompilerThread2" daemon [_thread_blocked, id=23748, stack(0x0000000017890000,0x0000000017990000)]
  0x0000000016050000 JavaThread "C2 CompilerThread1" daemon [_thread_in_native, id=31044, stack(0x0000000017790000,0x0000000017890000)]
=>0x000000001604c000 JavaThread "C2 CompilerThread0" daemon [_thread_in_native, id=26876, stack(0x0000000017690000,0x0000000017790000)]
  0x000000001604a800 JavaThread "Attach Listener" daemon [_thread_blocked, id=3912, stack(0x0000000017590000,0x0000000017690000)]
  0x0000000016049000 JavaThread "Signal Dispatcher" daemon [_thread_blocked, id=23288, stack(0x0000000017490000,0x0000000017590000)]
  0x00000000026dc000 JavaThread "Finalizer" daemon [_thread_blocked, id=33716, stack(0x00000000172a0000,0x00000000173a0000)]
  0x00000000026d1000 JavaThread "Reference Handler" daemon [_thread_blocked, id=28512, stack(0x00000000171a0000,0x00000000172a0000)]
  0x000000000247e800 JavaThread "main" [_thread_blocked, id=11560, stack(0x00000000024e0000,0x00000000025e0000)]

Other Threads:
  0x0000000016016000 VMThread [stack: 0x00000000170a0000,0x00000000171a0000] [id=21508]
  0x00000000160ad000 WatcherThread [stack: 0x0000000017e90000,0x0000000017f90000] [id=28740]

VM state:not at safepoint (normal execution)

VM Mutex/Monitor currently owned by a thread: None

Heap:
 PSYoungGen      total 37888K, used 36257K [0x00000000e0000000, 0x00000000e2a00000, 0x0000000100000000)
  eden space 32768K, 95% used [0x00000000e0000000,0x00000000e1e704f0,0x00000000e2000000)
  from space 5120K, 99% used [0x00000000e2000000,0x00000000e24f8110,0x00000000e2500000)
  to   space 5120K, 0% used [0x00000000e2500000,0x00000000e2500000,0x00000000e2a00000)
 ParOldGen       total 86016K, used 1535K [0x00000000a0000000, 0x00000000a5400000, 0x00000000e0000000)
  object space 86016K, 1% used [0x00000000a0000000,0x00000000a017fce8,0x00000000a5400000)
 Metaspace       used 15427K, capacity 15776K, committed 16000K, reserved 1062912K
  class space    used 2190K, capacity 2328K, committed 2432K, reserved 1048576K

Card table byte_map: [0x0000000011aa0000,0x0000000011db0000] byte_map_base: 0x00000000115a0000

Marking Bits: (ParMarkBitMap*) 0x0000000076ff5aa0
 Begin Bits: [0x00000000123b0000, 0x0000000013bb0000)
 End Bits:   [0x0000000013bb0000, 0x00000000153b0000)

Polling page: 0x0000000000c30000

CodeCache: size=245760Kb used=5279Kb max_used=5279Kb free=240480Kb
 bounds [0x00000000026e0000, 0x0000000002c10000, 0x00000000116e0000]
 total_blobs=1913 nmethods=1528 adapters=299
 compilation: enabled

Compilation events (10 events):
Event: 2.839 Thread 0x000000001605a000 1477       1       java.lang.reflect.Method::getMethodAccessor (5 bytes)
Event: 2.839 Thread 0x000000001605a000 nmethod 1477 0x0000000002bf3850 code [0x0000000002bf39a0, 0x0000000002bf3ab0]
Event: 2.839 Thread 0x000000001605a000 1478       3       sun.reflect.MethodAccessorImpl::<init> (5 bytes)
Event: 2.839 Thread 0x000000001605a000 nmethod 1478 0x0000000002bf3b10 code [0x0000000002bf3c80, 0x0000000002bf3e90]
Event: 2.840 Thread 0x000000001605a000 1479       3       java.lang.reflect.Method::setMethodAccessor (21 bytes)
Event: 2.840 Thread 0x000000001605a000 nmethod 1479 0x0000000002bf3f50 code [0x0000000002bf40c0, 0x0000000002bf4468]
Event: 2.858 Thread 0x000000001605a000 1480       3       java.lang.StringBuilder::append (10 bytes)
Event: 2.859 Thread 0x000000001605a000 nmethod 1480 0x0000000002bf4590 code [0x0000000002bf4700, 0x0000000002bf4888]
Event: 2.859 Thread 0x000000001605a000 1481       1       com.google.common.io.LineReader::access$000 (5 bytes)
Event: 2.859 Thread 0x000000001605a000 nmethod 1481 0x0000000002bf4910 code [0x0000000002bf4a60, 0x0000000002bf4b50]

GC Heap History (6 events):
Event: 0.806 GC heap before
{Heap before GC invocations=1 (full 0):
 PSYoungGen      total 37888K, used 32768K [0x00000000e0000000, 0x00000000e2a00000, 0x0000000100000000)
  eden space 32768K, 100% used [0x00000000e0000000,0x00000000e2000000,0x00000000e2000000)
  from space 5120K, 0% used [0x00000000e2500000,0x00000000e2500000,0x00000000e2a00000)
  to   space 5120K, 0% used [0x00000000e2000000,0x00000000e2000000,0x00000000e2500000)
 ParOldGen       total 86016K, used 0K [0x00000000a0000000, 0x00000000a5400000, 0x00000000e0000000)
  object space 86016K, 0% used [0x00000000a0000000,0x00000000a0000000,0x00000000a5400000)
 Metaspace       used 6614K, capacity 6718K, committed 6784K, reserved 1056768K
  class space    used 805K, capacity 843K, committed 896K, reserved 1048576K
Event: 0.810 GC heap after
Heap after GC invocations=1 (full 0):
 PSYoungGen      total 37888K, used 4069K [0x00000000e0000000, 0x00000000e2a00000, 0x0000000100000000)
  eden space 32768K, 0% used [0x00000000e0000000,0x00000000e0000000,0x00000000e2000000)
  from space 5120K, 79% used [0x00000000e2000000,0x00000000e23f9788,0x00000000e2500000)
  to   space 5120K, 0% used [0x00000000e2500000,0x00000000e2500000,0x00000000e2a00000)
 ParOldGen       total 86016K, used 8K [0x00000000a0000000, 0x00000000a5400000, 0x00000000e0000000)
  object space 86016K, 0% used [0x00000000a0000000,0x00000000a0002000,0x00000000a5400000)
 Metaspace       used 6614K, capacity 6718K, committed 6784K, reserved 1056768K
  class space    used 805K, capacity 843K, committed 896K, reserved 1048576K
}
Event: 1.419 GC heap before
{Heap before GC invocations=2 (full 0):
 PSYoungGen      total 37888K, used 36837K [0x00000000e0000000, 0x00000000e2a00000, 0x0000000100000000)
  eden space 32768K, 100% used [0x00000000e0000000,0x00000000e2000000,0x00000000e2000000)
  from space 5120K, 79% used [0x00000000e2000000,0x00000000e23f9788,0x00000000e2500000)
  to   space 5120K, 0% used [0x00000000e2500000,0x00000000e2500000,0x00000000e2a00000)
 ParOldGen       total 86016K, used 8K [0x00000000a0000000, 0x00000000a5400000, 0x00000000e0000000)
  object space 86016K, 0% used [0x00000000a0000000,0x00000000a0002000,0x00000000a5400000)
 Metaspace       used 8164K, capacity 8344K, committed 8576K, reserved 1056768K
  class space    used 1035K, capacity 1108K, committed 1152K, reserved 1048576K
Event: 1.426 GC heap after
Heap after GC invocations=2 (full 0):
 PSYoungGen      total 37888K, used 4060K [0x00000000e0000000, 0x00000000e2a00000, 0x0000000100000000)
  eden space 32768K, 0% used [0x00000000e0000000,0x00000000e0000000,0x00000000e2000000)
  from space 5120K, 79% used [0x00000000e2500000,0x00000000e28f73f8,0x00000000e2a00000)
  to   space 5120K, 0% used [0x00000000e2000000,0x00000000e2000000,0x00000000e2500000)
 ParOldGen       total 86016K, used 16K [0x00000000a0000000, 0x00000000a5400000, 0x00000000e0000000)
  object space 86016K, 0% used [0x00000000a0000000,0x00000000a0004000,0x00000000a5400000)
 Metaspace       used 8164K, capacity 8344K, committed 8576K, reserved 1056768K
  class space    used 1035K, capacity 1108K, committed 1152K, reserved 1048576K
}
Event: 2.446 GC heap before
{Heap before GC invocations=3 (full 0):
 PSYoungGen      total 37888K, used 36828K [0x00000000e0000000, 0x00000000e2a00000, 0x0000000100000000)
  eden space 32768K, 100% used [0x00000000e0000000,0x00000000e2000000,0x00000000e2000000)
  from space 5120K, 79% used [0x00000000e2500000,0x00000000e28f73f8,0x00000000e2a00000)
  to   space 5120K, 0% used [0x00000000e2000000,0x00000000e2000000,0x00000000e2500000)
 ParOldGen       total 86016K, used 16K [0x00000000a0000000, 0x00000000a5400000, 0x00000000e0000000)
  object space 86016K, 0% used [0x00000000a0000000,0x00000000a0004000,0x00000000a5400000)
 Metaspace       used 12792K, capacity 13130K, committed 13184K, reserved 1060864K
  class space    used 1755K, capacity 1867K, committed 1920K, reserved 1048576K
Event: 2.455 GC heap after
Heap after GC invocations=3 (full 0):
 PSYoungGen      total 37888K, used 5088K [0x00000000e0000000, 0x00000000e2a00000, 0x0000000100000000)
  eden space 32768K, 0% used [0x00000000e0000000,0x00000000e0000000,0x00000000e2000000)
  from space 5120K, 99% used [0x00000000e2000000,0x00000000e24f8110,0x00000000e2500000)
  to   space 5120K, 0% used [0x00000000e2500000,0x00000000e2500000,0x00000000e2a00000)
 ParOldGen       total 86016K, used 1535K [0x00000000a0000000, 0x00000000a5400000, 0x00000000e0000000)
  object space 86016K, 1% used [0x00000000a0000000,0x00000000a017fce8,0x00000000a5400000)
 Metaspace       used 12792K, capacity 13130K, committed 13184K, reserved 1060864K
  class space    used 1755K, capacity 1867K, committed 1920K, reserved 1048576K
}

Deoptimization events (10 events):
Event: 1.690 Thread 0x000000000247e800 Uncommon trap: reason=unstable_if action=reinterpret pc=0x00000000029ff7cc method=java.io.WinNTFileSystem.normalize(Ljava/lang/String;II)Ljava/lang/String; @ 90
Event: 2.116 Thread 0x00000000191fa000 Uncommon trap: reason=unstable_if action=reinterpret pc=0x0000000002ac866c method=java.util.concurrent.ConcurrentHashMap.putVal(Ljava/lang/Object;Ljava/lang/Object;Z)Ljava/lang/Object; @ 206
Event: 2.218 Thread 0x000000001900e000 Uncommon trap: reason=bimorphic action=maybe_recompile pc=0x0000000002986e20 method=java.util.HashMap.putVal(ILjava/lang/Object;Ljava/lang/Object;ZZ)Ljava/lang/Object; @ 253
Event: 2.219 Thread 0x000000001900e000 Uncommon trap: reason=bimorphic action=maybe_recompile pc=0x0000000002986e20 method=java.util.HashMap.putVal(ILjava/lang/Object;Ljava/lang/Object;ZZ)Ljava/lang/Object; @ 253
Event: 2.219 Thread 0x000000001900e000 Uncommon trap: reason=bimorphic action=maybe_recompile pc=0x0000000002986e20 method=java.util.HashMap.putVal(ILjava/lang/Object;Ljava/lang/Object;ZZ)Ljava/lang/Object; @ 253
Event: 2.487 Thread 0x000000001900e000 Uncommon trap: reason=class_check action=maybe_recompile pc=0x00000000029c0858 method=java.util.regex.Matcher.match(II)Z @ 86
Event: 2.504 Thread 0x000000001900e000 Uncommon trap: reason=class_check action=maybe_recompile pc=0x00000000029c0858 method=java.util.regex.Matcher.match(II)Z @ 86
Event: 2.504 Thread 0x000000001900e000 Uncommon trap: reason=class_check action=maybe_recompile pc=0x00000000029c0858 method=java.util.regex.Matcher.match(II)Z @ 86
Event: 2.504 Thread 0x000000001900e000 Uncommon trap: reason=class_check action=maybe_recompile pc=0x000000000297fc1c method=java.util.regex.Matcher.match(II)Z @ 86
Event: 2.841 Thread 0x000000001900e000 Uncommon trap: reason=unstable_if action=reinterpret pc=0x0000000002b0a474 method=java.lang.String.lastIndexOf([CII[CIII)I @ 66

Classes redefined (0 events):
No events

Internal exceptions (10 events):
Event: 2.121 Thread 0x00000000191fa000 Exception <a 'java/lang/NoSuchMethodError': <clinit>> (0x00000000e0d681f0) thrown at [D:\src\AOSP-openjdk-cygwin\jdk8u\hotspot\src\share\vm\prims\jni.cpp, line 1613]
Event: 2.125 Thread 0x00000000191fa000 Exception <a 'java/lang/NoSuchMethodError': <clinit>> (0x00000000e0d7b890) thrown at [D:\src\AOSP-openjdk-cygwin\jdk8u\hotspot\src\share\vm\prims\jni.cpp, line 1613]
Event: 2.128 Thread 0x00000000191fa000 Exception <a 'java/lang/NoSuchMethodError': <clinit>> (0x00000000e0da26e8) thrown at [D:\src\AOSP-openjdk-cygwin\jdk8u\hotspot\src\share\vm\prims\jni.cpp, line 1613]
Event: 2.130 Thread 0x00000000191fa000 Exception <a 'java/lang/NoSuchMethodError': <clinit>> (0x00000000e0dba398) thrown at [D:\src\AOSP-openjdk-cygwin\jdk8u\hotspot\src\share\vm\prims\jni.cpp, line 1613]
Event: 2.131 Thread 0x00000000191fa000 Exception <a 'java/lang/NoSuchMethodError': <clinit>> (0x00000000e0dc2e60) thrown at [D:\src\AOSP-openjdk-cygwin\jdk8u\hotspot\src\share\vm\prims\jni.cpp, line 1613]
Event: 2.133 Thread 0x00000000191fa000 Exception <a 'java/lang/NoSuchMethodError': <clinit>> (0x00000000e0dd9070) thrown at [D:\src\AOSP-openjdk-cygwin\jdk8u\hotspot\src\share\vm\prims\jni.cpp, line 1613]
Event: 2.148 Thread 0x00000000191fa000 Exception <a 'java/lang/NoSuchMethodError': <clinit>> (0x00000000e0e38fb0) thrown at [D:\src\AOSP-openjdk-cygwin\jdk8u\hotspot\src\share\vm\prims\jni.cpp, line 1613]
Event: 2.156 Thread 0x00000000191fa000 Exception <a 'java/lang/NoSuchMethodError': <clinit>> (0x00000000e0e65278) thrown at [D:\src\AOSP-openjdk-cygwin\jdk8u\hotspot\src\share\vm\prims\jni.cpp, line 1613]
Event: 2.171 Thread 0x00000000191fa000 Exception <a 'java/lang/NoSuchMethodError': <clinit>> (0x00000000e0e93060) thrown at [D:\src\AOSP-openjdk-cygwin\jdk8u\hotspot\src\share\vm\prims\jni.cpp, line 1613]
Event: 2.175 Thread 0x00000000191fa000 Exception <a 'java/lang/NoSuchMethodError': <clinit>> (0x00000000e0e9e2f8) thrown at [D:\src\AOSP-openjdk-cygwin\jdk8u\hotspot\src\share\vm\prims\jni.cpp, line 1613]

Events (10 events):
Event: 2.875 loading class com/google/common/base/CharMatcher$Any
Event: 2.875 loading class com/google/common/base/CharMatcher$Any done
Event: 2.876 loading class com/google/common/base/CharMatcher$IsEither
Event: 2.876 loading class com/google/common/base/CharMatcher$IsEither done
Event: 2.876 loading class com/google/common/base/CharMatcher$BitSetMatcher
Event: 2.876 loading class com/google/common/base/CharMatcher$BitSetMatcher done
Event: 2.876 loading class com/google/common/base/CharMatcher$1
Event: 2.876 loading class com/google/common/base/CharMatcher$1 done
Event: 2.876 loading class com/google/common/base/CharMatcher$NegatedFastMatcher
Event: 2.876 loading class com/google/common/base/CharMatcher$NegatedFastMatcher done


Dynamic libraries:
0x00007ff6ed980000 - 0x00007ff6ed9b1000 	C:\Program Files\Android\Android Studio\jre\bin\java.exe
0x00007fff80a10000 - 0x00007fff80bf1000 	C:\WINDOWS\SYSTEM32\ntdll.dll
0x00007fff7ef70000 - 0x00007fff7f021000 	C:\WINDOWS\System32\KERNEL32.DLL
0x00007fff7dc20000 - 0x00007fff7de93000 	C:\WINDOWS\System32\KERNELBASE.dll
0x00007fff7f1c0000 - 0x00007fff7f261000 	C:\WINDOWS\System32\ADVAPI32.dll
0x00007fff7e090000 - 0x00007fff7e12e000 	C:\WINDOWS\System32\msvcrt.dll
0x00007fff7f120000 - 0x00007fff7f17b000 	C:\WINDOWS\System32\sechost.dll
0x00007fff7dea0000 - 0x00007fff7dfc4000 	C:\WINDOWS\System32\RPCRT4.dll
0x00007fff807f0000 - 0x00007fff80980000 	C:\WINDOWS\System32\USER32.dll
0x00007fff7dc00000 - 0x00007fff7dc20000 	C:\WINDOWS\System32\win32u.dll
0x00007fff7f180000 - 0x00007fff7f1a8000 	C:\WINDOWS\System32\GDI32.dll
0x00007fff7da60000 - 0x00007fff7dbf1000 	C:\WINDOWS\System32\gdi32full.dll
0x00007fff7cf40000 - 0x00007fff7cfdf000 	C:\WINDOWS\System32\msvcp_win.dll
0x00007fff7d6f0000 - 0x00007fff7d7e8000 	C:\WINDOWS\System32\ucrtbase.dll
0x00007fff700f0000 - 0x00007fff70359000 	C:\WINDOWS\WinSxS\amd64_microsoft.windows.common-controls_6595b64144ccf1df_6.0.17134.885_none_fb42a3473065565f\COMCTL32.dll
0x00007fff7ec40000 - 0x00007fff7ef62000 	C:\WINDOWS\System32\combase.dll
0x00007fff7d9e0000 - 0x00007fff7da59000 	C:\WINDOWS\System32\bcryptPrimitives.dll
0x00007fff7ec10000 - 0x00007fff7ec3d000 	C:\WINDOWS\System32\IMM32.DLL
0x0000000050660000 - 0x0000000050732000 	C:\Program Files\Android\Android Studio\jre\jre\bin\msvcr100.dll
0x0000000076830000 - 0x0000000077071000 	C:\Program Files\Android\Android Studio\jre\jre\bin\server\jvm.dll
0x00007fff7f270000 - 0x00007fff7f278000 	C:\WINDOWS\System32\PSAPI.DLL
0x00007fff6daf0000 - 0x00007fff6daf9000 	C:\WINDOWS\SYSTEM32\WSOCK32.dll
0x00007fff70370000 - 0x00007fff7037a000 	C:\WINDOWS\SYSTEM32\VERSION.dll
0x00007fff7a640000 - 0x00007fff7a663000 	C:\WINDOWS\SYSTEM32\WINMM.dll
0x00007fff7f2a0000 - 0x00007fff7f30c000 	C:\WINDOWS\System32\WS2_32.dll
0x00007fff7a610000 - 0x00007fff7a63a000 	C:\WINDOWS\SYSTEM32\winmmbase.dll
0x00007fff7ce90000 - 0x00007fff7ced9000 	C:\WINDOWS\System32\cfgmgr32.dll
0x00007fff6c100000 - 0x00007fff6c10f000 	C:\Program Files\Android\Android Studio\jre\jre\bin\verify.dll
0x00007fff5b7b0000 - 0x00007fff5b7d9000 	C:\Program Files\Android\Android Studio\jre\jre\bin\java.dll
0x00007fff5d1e0000 - 0x00007fff5d1f6000 	C:\Program Files\Android\Android Studio\jre\jre\bin\zip.dll
0x00007fff7f3b0000 - 0x00007fff807f0000 	C:\WINDOWS\System32\SHELL32.dll
0x00007fff7e140000 - 0x00007fff7e1e9000 	C:\WINDOWS\System32\shcore.dll
0x00007fff7cfe0000 - 0x00007fff7d6ed000 	C:\WINDOWS\System32\windows.storage.dll
0x00007fff7e030000 - 0x00007fff7e081000 	C:\WINDOWS\System32\shlwapi.dll
0x00007fff7cd70000 - 0x00007fff7cd81000 	C:\WINDOWS\System32\kernel.appcore.dll
0x00007fff7cdc0000 - 0x00007fff7cddf000 	C:\WINDOWS\System32\profapi.dll
0x00007fff7cd20000 - 0x00007fff7cd6c000 	C:\WINDOWS\System32\powrprof.dll
0x00007fff7cdb0000 - 0x00007fff7cdba000 	C:\WINDOWS\System32\FLTLIB.DLL
0x00007fff5bd40000 - 0x00007fff5bd5a000 	C:\Program Files\Android\Android Studio\jre\jre\bin\net.dll
0x00007fff7c1e0000 - 0x00007fff7c246000 	C:\WINDOWS\system32\mswsock.dll
0x00007fff5a910000 - 0x00007fff5a921000 	C:\Program Files\Android\Android Studio\jre\jre\bin\nio.dll
0x00007fff614b0000 - 0x00007fff614ce000 	C:\Users\Daniel Torres\.gradle\native\25\windows-amd64\native-platform.dll
0x00007fff6bd50000 - 0x00007fff6bd5d000 	C:\Program Files\Android\Android Studio\jre\jre\bin\management.dll
0x00007fff7c9e0000 - 0x00007fff7c9f7000 	C:\WINDOWS\SYSTEM32\CRYPTSP.dll
0x00007fff7bdd0000 - 0x00007fff7be03000 	C:\WINDOWS\system32\rsaenh.dll
0x00007fff7c7e0000 - 0x00007fff7c805000 	C:\WINDOWS\SYSTEM32\bcrypt.dll
0x00007fff7cc20000 - 0x00007fff7cc48000 	C:\WINDOWS\SYSTEM32\USERENV.dll
0x00007fff7c390000 - 0x00007fff7c39b000 	C:\WINDOWS\SYSTEM32\CRYPTBASE.dll
0x00007fff7bf70000 - 0x00007fff7bfa8000 	C:\WINDOWS\SYSTEM32\IPHLPAPI.DLL
0x00007fff7e130000 - 0x00007fff7e138000 	C:\WINDOWS\System32\NSI.dll
0x00007fff71a10000 - 0x00007fff71a26000 	C:\WINDOWS\SYSTEM32\dhcpcsvc6.DLL
0x00007fff71a50000 - 0x00007fff71a6a000 	C:\WINDOWS\SYSTEM32\dhcpcsvc.DLL

VM Arguments:
jvm_args: -Xmx1536m -Dfile.encoding=windows-1252 -Duser.country=US -Duser.language=en -Duser.variant 
java_command: org.gradle.launcher.daemon.bootstrap.GradleDaemon 5.1.1
java_class_path (initial): C:\Users\Daniel Torres\.gradle\wrapper\dists\gradle-5.1.1-all\97z1ksx6lirer3kbvdnh7jtjg\gradle-5.1.1\lib\gradle-launcher-5.1.1.jar
Launcher Type: SUN_STANDARD

Environment Variables:
PATH=C:\Program Files\Java\jdk-12.0.1\bin;C:\ProgramData\Oracle\Java\javapath;C:\Program Files (x86)\Intel\iCLS Client\;C:\Program Files\Intel\iCLS Client\;C:\WINDOWS\system32;C:\WINDOWS;C:\WINDOWS\System32\Wbem;C:\WINDOWS\System32\WindowsPowerShell\v1.0\;C:\Program Files (x86)\Intel\Intel(R) Management Engine Components\DAL;C:\Program Files\Intel\Intel(R) Management Engine Components\DAL;C:\Program Files (x86)\Intel\Intel(R) Management Engine Components\IPT;C:\Program Files\Intel\Intel(R) Management Engine Components\IPT;C:\WINDOWS\System32\OpenSSH\;C:\Program Files\nodejs\;C:\Program Files\Git\cmd;C:\Program Files\Git\mingw64\bin;C:\Program Files\Git\usr\bin;C:\sqlite;C:\Program Files\Java\jdk-12.0.1\bin;C:\Users\Daniel Torres\AppData\Local\Microsoft\WindowsApps;C:\Users\Daniel Torres\AppData\Roaming\npm;C:\Users\Daniel Torres\AppData\Local\Programs\Microsoft VS Code\bin;
USERNAME=Daniel Torres
OS=Windows_NT
PROCESSOR_IDENTIFIER=Intel64 Family 6 Model 142 Stepping 9, GenuineIntel



---------------  S Y S T E M  ---------------

OS: Windows 10.0 , 64 bit Build 17134 (10.0.17134.753)

CPU:total 4 (initial active 4) (2 cores per cpu, 2 threads per core) family 6 model 142 stepping 9, cmov, cx8, fxsr, mmx, sse, sse2, sse3, ssse3, sse4.1, sse4.2, popcnt, avx, avx2, aes, clmul, erms, 3dnowpref, lzcnt, ht, tsc, tscinvbit, bmi1, bmi2, adx

Memory: 4k page, physical 8255256k(527016k free), swap 13473560k(5252k free)

vm_info: OpenJDK 64-Bit Server VM (25.152-b01) for windows-amd64 JRE (1.8.0_152-release-1343-b01), built by "builder" with MS VC++ 10.0 (VS2010)

time: Mon Jul 29 13:04:49 2019
elapsed time: 2 seconds (0d 0h 0m 2s)

