#
# There is insufficient memory for the Java Runtime Environment to continue.
# Native memory allocation (malloc) failed to allocate 1155216 bytes for Chunk::new
# Possible reasons:
#   The system is out of physical RAM or swap space
#   In 32 bit mode, the process size limit was hit
# Possible solutions:
#   Reduce memory load on the system
#   Increase physical memory or swap space
#   Check if swap backing store is full
#   Use 64 bit Java on a 64 bit OS
#   Decrease Java heap size (-Xmx/-Xms)
#   Decrease number of Java threads
#   Decrease Java thread stack sizes (-Xss)
#   Set larger code cache with -XX:ReservedCodeCacheSize=
# This output file may be truncated or incomplete.
#
#  Out of Memory Error (allocation.cpp:390), pid=24840, tid=0x0000000000000680
#
# JRE version: OpenJDK Runtime Environment (8.0_152-b01) (build 1.8.0_152-release-1343-b01)
# Java VM: OpenJDK 64-Bit Server VM (25.152-b01 mixed mode windows-amd64 compressed oops)
# Failed to write core dump. Minidumps are not enabled by default on client versions of Windows
#

---------------  T H R E A D  ---------------

Current thread (0x000000001660d000):  JavaThread "C2 CompilerThread0" daemon [_thread_in_native, id=1664, stack(0x0000000017c50000,0x0000000017d50000)]

Stack: [0x0000000017c50000,0x0000000017d50000]
[error occurred during error reporting (printing stack bounds), id 0xc0000005]

Native frames: (J=compiled Java code, j=interpreted, Vv=VM code, C=native code)


Current CompileTask:
C2:   4409 1449       4       java.net.URLClassLoader$1::run (5 bytes)


---------------  P R O C E S S  ---------------

Java Threads: ( => current thread )
  0x00000000195a2800 JavaThread "Cache worker for file hash cache (C:\Users\Daniel Torres\AndroidStudioProjects\maps\.gradle\5.1.1\fileHashes)" [_thread_blocked, id=31856, stack(0x000000001d450000,0x000000001d550000)]
  0x00000000195a8000 JavaThread "Cache worker for journal cache (C:\Users\Daniel Torres\.gradle\caches\journal-1)" [_thread_blocked, id=17616, stack(0x000000001c080000,0x000000001c180000)]
  0x00000000195a7000 JavaThread "File lock request listener" [_thread_in_native, id=15064, stack(0x000000001bf80000,0x000000001c080000)]
  0x00000000190a0800 JavaThread "Cache worker for file hash cache (C:\Users\Daniel Torres\.gradle\caches\5.1.1\fileHashes)" [_thread_blocked, id=18476, stack(0x000000001be80000,0x000000001bf80000)]
  0x0000000019b34800 JavaThread "Thread-8" [_thread_blocked, id=20676, stack(0x000000001bd80000,0x000000001be80000)]
  0x00000000195f2000 JavaThread "Stdin handler" [_thread_blocked, id=24100, stack(0x000000001bc80000,0x000000001bd80000)]
  0x00000000195f1000 JavaThread "Asynchronous log dispatcher for DefaultDaemonConnection: socket connection from /127.0.0.1:54736 to /127.0.0.1:54737" [_thread_blocked, id=26892, stack(0x000000001bb80000,0x000000001bc80000)]
  0x000000001968b000 JavaThread "Daemon worker" [_thread_in_Java, id=23304, stack(0x000000001ba80000,0x000000001bb80000)]
  0x0000000019689000 JavaThread "Cancel handler" [_thread_blocked, id=28612, stack(0x000000001b980000,0x000000001ba80000)]
  0x000000001955b000 JavaThread "Handler for socket connection from /127.0.0.1:54736 to /127.0.0.1:54737" [_thread_in_native, id=24144, stack(0x000000001b680000,0x000000001b780000)]
  0x00000000194c1800 JavaThread "Daemon" [_thread_blocked, id=31192, stack(0x000000001b580000,0x000000001b680000)]
  0x000000001942a000 JavaThread "Daemon periodic checks" [_thread_blocked, id=10016, stack(0x000000001b480000,0x000000001b580000)]
  0x0000000019428800 JavaThread "Incoming local TCP Connector on port 54736" [_thread_in_native, id=17120, stack(0x0000000019d20000,0x0000000019e20000)]
  0x0000000017f78800 JavaThread "Service Thread" daemon [_thread_blocked, id=22716, stack(0x0000000018350000,0x0000000018450000)]
  0x0000000016620800 JavaThread "C1 CompilerThread2" daemon [_thread_blocked, id=14000, stack(0x0000000017e50000,0x0000000017f50000)]
  0x0000000016611000 JavaThread "C2 CompilerThread1" daemon [_thread_in_native, id=24480, stack(0x0000000017d50000,0x0000000017e50000)]
=>0x000000001660d000 JavaThread "C2 CompilerThread0" daemon [_thread_in_native, id=1664, stack(0x0000000017c50000,0x0000000017d50000)]
  0x000000001660b800 JavaThread "Attach Listener" daemon [_thread_blocked, id=19216, stack(0x0000000017b50000,0x0000000017c50000)]
  0x000000001660a800 JavaThread "Signal Dispatcher" daemon [_thread_blocked, id=23392, stack(0x0000000017a50000,0x0000000017b50000)]
  0x00000000165f9800 JavaThread "Finalizer" daemon [_thread_blocked, id=34604, stack(0x0000000017860000,0x0000000017960000)]
  0x0000000002c92800 JavaThread "Reference Handler" daemon [_thread_blocked, id=35360, stack(0x0000000017760000,0x0000000017860000)]
  0x0000000002ba2800 JavaThread "main" [_thread_blocked, id=33028, stack(0x0000000002aa0000,0x0000000002ba0000)]

Other Threads:
  0x00000000165d6000 VMThread [stack: 0x0000000017660000,0x0000000017760000] [id=34300]
  0x000000001666c800 WatcherThread [stack: 0x0000000018450000,0x0000000018550000] [id=27840]

VM state:not at safepoint (normal execution)

VM Mutex/Monitor currently owned by a thread: None

Heap:
 PSYoungGen      total 37888K, used 6078K [0x00000000e0000000, 0x00000000e2a00000, 0x0000000100000000)
  eden space 32768K, 2% used [0x00000000e0000000,0x00000000e00f3ba8,0x00000000e2000000)
  from space 5120K, 99% used [0x00000000e2500000,0x00000000e29fc030,0x00000000e2a00000)
  to   space 5120K, 0% used [0x00000000e2000000,0x00000000e2000000,0x00000000e2500000)
 ParOldGen       total 86016K, used 4548K [0x00000000a0000000, 0x00000000a5400000, 0x00000000e0000000)
  object space 86016K, 5% used [0x00000000a0000000,0x00000000a0471208,0x00000000a5400000)
 Metaspace       used 15654K, capacity 16000K, committed 16256K, reserved 1062912K
  class space    used 2227K, capacity 2360K, committed 2432K, reserved 1048576K

Card table byte_map: [0x0000000012060000,0x0000000012370000] byte_map_base: 0x0000000011b60000

Marking Bits: (ParMarkBitMap*) 0x0000000076ff5aa0
 Begin Bits: [0x0000000012970000, 0x0000000014170000)
 End Bits:   [0x0000000014170000, 0x0000000015970000)

Polling page: 0x0000000001250000

CodeCache: size=245760Kb used=5296Kb max_used=5296Kb free=240463Kb
 bounds [0x0000000002ca0000, 0x00000000031d0000, 0x0000000011ca0000]
 total_blobs=1902 nmethods=1516 adapters=299
 compilation: enabled

Compilation events (10 events):
Event: 4.361 Thread 0x0000000016620800 1514       3       java.util.concurrent.locks.AbstractQueuedSynchronizer::compareAndSetState (13 bytes)
Event: 4.361 Thread 0x0000000016620800 nmethod 1514 0x00000000031c4410 code [0x00000000031c4560, 0x00000000031c46d0]
Event: 4.362 Thread 0x0000000016620800 1515       3       java.util.concurrent.locks.AbstractQueuedSynchronizer::release (33 bytes)
Event: 4.363 Thread 0x0000000016620800 nmethod 1515 0x00000000031c4750 code [0x00000000031c48c0, 0x00000000031c4bd8]
Event: 4.369 Thread 0x0000000016620800 1516       3       java.lang.String::lastIndexOf (151 bytes)
Event: 4.370 Thread 0x0000000016620800 nmethod 1516 0x00000000031c4cd0 code [0x00000000031c4e80, 0x00000000031c53d0]
Event: 4.375 Thread 0x0000000016620800 1517       3       sun.misc.ProxyGenerator::dotToSlash (9 bytes)
Event: 4.375 Thread 0x0000000016620800 nmethod 1517 0x00000000031c5850 code [0x00000000031c59c0, 0x00000000031c5bc8]
Event: 4.379 Thread 0x0000000016620800 1518       3       org.gradle.internal.service.DefaultServiceRegistry$OwnServices::getService (309 bytes)
Event: 4.382 Thread 0x0000000016620800 nmethod 1518 0x00000000031c5c90 code [0x00000000031c6160, 0x00000000031c9078]

GC Heap History (8 events):
Event: 0.857 GC heap before
{Heap before GC invocations=1 (full 0):
 PSYoungGen      total 37888K, used 32768K [0x00000000e0000000, 0x00000000e2a00000, 0x0000000100000000)
  eden space 32768K, 100% used [0x00000000e0000000,0x00000000e2000000,0x00000000e2000000)
  from space 5120K, 0% used [0x00000000e2500000,0x00000000e2500000,0x00000000e2a00000)
  to   space 5120K, 0% used [0x00000000e2000000,0x00000000e2000000,0x00000000e2500000)
 ParOldGen       total 86016K, used 0K [0x00000000a0000000, 0x00000000a5400000, 0x00000000e0000000)
  object space 86016K, 0% used [0x00000000a0000000,0x00000000a0000000,0x00000000a5400000)
 Metaspace       used 6615K, capacity 6718K, committed 6784K, reserved 1056768K
  class space    used 804K, capacity 843K, committed 896K, reserved 1048576K
Event: 0.862 GC heap after
Heap after GC invocations=1 (full 0):
 PSYoungGen      total 37888K, used 4125K [0x00000000e0000000, 0x00000000e2a00000, 0x0000000100000000)
  eden space 32768K, 0% used [0x00000000e0000000,0x00000000e0000000,0x00000000e2000000)
  from space 5120K, 80% used [0x00000000e2000000,0x00000000e2407510,0x00000000e2500000)
  to   space 5120K, 0% used [0x00000000e2500000,0x00000000e2500000,0x00000000e2a00000)
 ParOldGen       total 86016K, used 8K [0x00000000a0000000, 0x00000000a5400000, 0x00000000e0000000)
  object space 86016K, 0% used [0x00000000a0000000,0x00000000a0002000,0x00000000a5400000)
 Metaspace       used 6615K, capacity 6718K, committed 6784K, reserved 1056768K
  class space    used 804K, capacity 843K, committed 896K, reserved 1048576K
}
Event: 1.426 GC heap before
{Heap before GC invocations=2 (full 0):
 PSYoungGen      total 37888K, used 36893K [0x00000000e0000000, 0x00000000e2a00000, 0x0000000100000000)
  eden space 32768K, 100% used [0x00000000e0000000,0x00000000e2000000,0x00000000e2000000)
  from space 5120K, 80% used [0x00000000e2000000,0x00000000e2407510,0x00000000e2500000)
  to   space 5120K, 0% used [0x00000000e2500000,0x00000000e2500000,0x00000000e2a00000)
 ParOldGen       total 86016K, used 8K [0x00000000a0000000, 0x00000000a5400000, 0x00000000e0000000)
  object space 86016K, 0% used [0x00000000a0000000,0x00000000a0002000,0x00000000a5400000)
 Metaspace       used 8166K, capacity 8408K, committed 8576K, reserved 1056768K
  class space    used 1035K, capacity 1108K, committed 1152K, reserved 1048576K
Event: 1.433 GC heap after
Heap after GC invocations=2 (full 0):
 PSYoungGen      total 37888K, used 4096K [0x00000000e0000000, 0x00000000e2a00000, 0x0000000100000000)
  eden space 32768K, 0% used [0x00000000e0000000,0x00000000e0000000,0x00000000e2000000)
  from space 5120K, 80% used [0x00000000e2500000,0x00000000e29001e8,0x00000000e2a00000)
  to   space 5120K, 0% used [0x00000000e2000000,0x00000000e2000000,0x00000000e2500000)
 ParOldGen       total 86016K, used 16K [0x00000000a0000000, 0x00000000a5400000, 0x00000000e0000000)
  object space 86016K, 0% used [0x00000000a0000000,0x00000000a0004000,0x00000000a5400000)
 Metaspace       used 8166K, capacity 8408K, committed 8576K, reserved 1056768K
  class space    used 1035K, capacity 1108K, committed 1152K, reserved 1048576K
}
Event: 3.848 GC heap before
{Heap before GC invocations=3 (full 0):
 PSYoungGen      total 37888K, used 36864K [0x00000000e0000000, 0x00000000e2a00000, 0x0000000100000000)
  eden space 32768K, 100% used [0x00000000e0000000,0x00000000e2000000,0x00000000e2000000)
  from space 5120K, 80% used [0x00000000e2500000,0x00000000e29001e8,0x00000000e2a00000)
  to   space 5120K, 0% used [0x00000000e2000000,0x00000000e2000000,0x00000000e2500000)
 ParOldGen       total 86016K, used 16K [0x00000000a0000000, 0x00000000a5400000, 0x00000000e0000000)
  object space 86016K, 0% used [0x00000000a0000000,0x00000000a0004000,0x00000000a5400000)
 Metaspace       used 12771K, capacity 13130K, committed 13184K, reserved 1060864K
  class space    used 1752K, capacity 1867K, committed 1920K, reserved 1048576K
Event: 3.858 GC heap after
Heap after GC invocations=3 (full 0):
 PSYoungGen      total 37888K, used 5116K [0x00000000e0000000, 0x00000000e2a00000, 0x0000000100000000)
  eden space 32768K, 0% used [0x00000000e0000000,0x00000000e0000000,0x00000000e2000000)
  from space 5120K, 99% used [0x00000000e2000000,0x00000000e24ff388,0x00000000e2500000)
  to   space 5120K, 0% used [0x00000000e2500000,0x00000000e2500000,0x00000000e2a00000)
 ParOldGen       total 86016K, used 1458K [0x00000000a0000000, 0x00000000a5400000, 0x00000000e0000000)
  object space 86016K, 1% used [0x00000000a0000000,0x00000000a016ca10,0x00000000a5400000)
 Metaspace       used 12771K, capacity 13130K, committed 13184K, reserved 1060864K
  class space    used 1752K, capacity 1867K, committed 1920K, reserved 1048576K
}
Event: 4.385 GC heap before
{Heap before GC invocations=4 (full 0):
 PSYoungGen      total 37888K, used 37884K [0x00000000e0000000, 0x00000000e2a00000, 0x0000000100000000)
  eden space 32768K, 100% used [0x00000000e0000000,0x00000000e2000000,0x00000000e2000000)
  from space 5120K, 99% used [0x00000000e2000000,0x00000000e24ff388,0x00000000e2500000)
  to   space 5120K, 0% used [0x00000000e2500000,0x00000000e2500000,0x00000000e2a00000)
 ParOldGen       total 86016K, used 1458K [0x00000000a0000000, 0x00000000a5400000, 0x00000000e0000000)
  object space 86016K, 1% used [0x00000000a0000000,0x00000000a016ca10,0x00000000a5400000)
 Metaspace       used 15573K, capacity 15936K, committed 16256K, reserved 1062912K
  class space    used 2217K, capacity 2360K, committed 2432K, reserved 1048576K
Event: 4.399 GC heap after
Heap after GC invocations=4 (full 0):
 PSYoungGen      total 37888K, used 5104K [0x00000000e0000000, 0x00000000e2a00000, 0x0000000100000000)
  eden space 32768K, 0% used [0x00000000e0000000,0x00000000e0000000,0x00000000e2000000)
  from space 5120K, 99% used [0x00000000e2500000,0x00000000e29fc030,0x00000000e2a00000)
  to   space 5120K, 0% used [0x00000000e2000000,0x00000000e2000000,0x00000000e2500000)
 ParOldGen       total 86016K, used 4548K [0x00000000a0000000, 0x00000000a5400000, 0x00000000e0000000)
  object space 86016K, 5% used [0x00000000a0000000,0x00000000a0471208,0x00000000a5400000)
 Metaspace       used 15573K, capacity 15936K, committed 16256K, reserved 1062912K
  class space    used 2217K, capacity 2360K, committed 2432K, reserved 1048576K
}

Deoptimization events (10 events):
Event: 1.703 Thread 0x0000000002ba2800 Uncommon trap: reason=unstable_if action=reinterpret pc=0x0000000002fc7eac method=java.io.WinNTFileSystem.normalize(Ljava/lang/String;II)Ljava/lang/String; @ 90
Event: 3.542 Thread 0x000000001955b000 Uncommon trap: reason=unstable_if action=reinterpret pc=0x000000000308c7f0 method=java.util.concurrent.ConcurrentHashMap.putVal(Ljava/lang/Object;Ljava/lang/Object;Z)Ljava/lang/Object; @ 206
Event: 3.639 Thread 0x000000001968b000 Uncommon trap: reason=bimorphic action=maybe_recompile pc=0x0000000002f4b39c method=java.util.HashMap.putVal(ILjava/lang/Object;Ljava/lang/Object;ZZ)Ljava/lang/Object; @ 253
Event: 3.640 Thread 0x000000001968b000 Uncommon trap: reason=bimorphic action=maybe_recompile pc=0x0000000002f4b39c method=java.util.HashMap.putVal(ILjava/lang/Object;Ljava/lang/Object;ZZ)Ljava/lang/Object; @ 253
Event: 3.640 Thread 0x000000001968b000 Uncommon trap: reason=bimorphic action=maybe_recompile pc=0x0000000002f4b39c method=java.util.HashMap.putVal(ILjava/lang/Object;Ljava/lang/Object;ZZ)Ljava/lang/Object; @ 253
Event: 3.908 Thread 0x000000001968b000 Uncommon trap: reason=class_check action=maybe_recompile pc=0x0000000002f80618 method=java.util.regex.Matcher.match(II)Z @ 86
Event: 3.929 Thread 0x000000001968b000 Uncommon trap: reason=class_check action=maybe_recompile pc=0x0000000002f80618 method=java.util.regex.Matcher.match(II)Z @ 86
Event: 3.929 Thread 0x000000001968b000 Uncommon trap: reason=class_check action=maybe_recompile pc=0x0000000002f80618 method=java.util.regex.Matcher.match(II)Z @ 86
Event: 3.929 Thread 0x000000001968b000 Uncommon trap: reason=class_check action=maybe_recompile pc=0x0000000002f4035c method=java.util.regex.Matcher.match(II)Z @ 86
Event: 4.264 Thread 0x000000001968b000 Uncommon trap: reason=unstable_if action=reinterpret pc=0x00000000030d0d34 method=java.lang.String.lastIndexOf([CII[CIII)I @ 66

Classes redefined (0 events):
No events

Internal exceptions (10 events):
Event: 3.547 Thread 0x000000001955b000 Exception <a 'java/lang/NoSuchMethodError': <clinit>> (0x00000000e0d780b8) thrown at [D:\src\AOSP-openjdk-cygwin\jdk8u\hotspot\src\share\vm\prims\jni.cpp, line 1613]
Event: 3.551 Thread 0x000000001955b000 Exception <a 'java/lang/NoSuchMethodError': <clinit>> (0x00000000e0d8b138) thrown at [D:\src\AOSP-openjdk-cygwin\jdk8u\hotspot\src\share\vm\prims\jni.cpp, line 1613]
Event: 3.555 Thread 0x000000001955b000 Exception <a 'java/lang/NoSuchMethodError': <clinit>> (0x00000000e0db1fb0) thrown at [D:\src\AOSP-openjdk-cygwin\jdk8u\hotspot\src\share\vm\prims\jni.cpp, line 1613]
Event: 3.558 Thread 0x000000001955b000 Exception <a 'java/lang/NoSuchMethodError': <clinit>> (0x00000000e0dc9c60) thrown at [D:\src\AOSP-openjdk-cygwin\jdk8u\hotspot\src\share\vm\prims\jni.cpp, line 1613]
Event: 3.558 Thread 0x000000001955b000 Exception <a 'java/lang/NoSuchMethodError': <clinit>> (0x00000000e0dd2728) thrown at [D:\src\AOSP-openjdk-cygwin\jdk8u\hotspot\src\share\vm\prims\jni.cpp, line 1613]
Event: 3.561 Thread 0x000000001955b000 Exception <a 'java/lang/NoSuchMethodError': <clinit>> (0x00000000e0de89a0) thrown at [D:\src\AOSP-openjdk-cygwin\jdk8u\hotspot\src\share\vm\prims\jni.cpp, line 1613]
Event: 3.574 Thread 0x000000001955b000 Exception <a 'java/lang/NoSuchMethodError': <clinit>> (0x00000000e0e463b0) thrown at [D:\src\AOSP-openjdk-cygwin\jdk8u\hotspot\src\share\vm\prims\jni.cpp, line 1613]
Event: 3.583 Thread 0x000000001955b000 Exception <a 'java/lang/NoSuchMethodError': <clinit>> (0x00000000e0e72840) thrown at [D:\src\AOSP-openjdk-cygwin\jdk8u\hotspot\src\share\vm\prims\jni.cpp, line 1613]
Event: 3.596 Thread 0x000000001955b000 Exception <a 'java/lang/NoSuchMethodError': <clinit>> (0x00000000e0ea0990) thrown at [D:\src\AOSP-openjdk-cygwin\jdk8u\hotspot\src\share\vm\prims\jni.cpp, line 1613]
Event: 3.597 Thread 0x000000001955b000 Exception <a 'java/lang/NoSuchMethodError': <clinit>> (0x00000000e0eabd30) thrown at [D:\src\AOSP-openjdk-cygwin\jdk8u\hotspot\src\share\vm\prims\jni.cpp, line 1613]

Events (10 events):
Event: 4.385 loading class org/gradle/api/internal/file/FileTreeInternal
Event: 4.385 loading class org/gradle/api/internal/file/FileTreeInternal done
Event: 4.385 Executing VM operation: ParallelGCFailedAllocation
Event: 4.399 Executing VM operation: ParallelGCFailedAllocation done
Event: 4.399 loading class org/gradle/api/file/FileTree
Event: 4.399 loading class org/gradle/api/file/FileTree done
Event: 4.400 loading class org/gradle/api/internal/file/FileCollectionInternal
Event: 4.400 loading class org/gradle/api/internal/file/FileCollectionInternal done
Event: 4.401 loading class org/gradle/api/internal/file/FileOrUriNotationConverter
Event: 4.401 loading class org/gradle/api/internal/file/FileOrUriNotationConverter done


Dynamic libraries:
0x00007ff6ed980000 - 0x00007ff6ed9b1000 	C:\Program Files\Android\Android Studio\jre\bin\java.exe
0x00007fff80a10000 - 0x00007fff80bf1000 	C:\WINDOWS\SYSTEM32\ntdll.dll
0x00007fff7ef70000 - 0x00007fff7f021000 	C:\WINDOWS\System32\KERNEL32.DLL
0x00007fff7dc20000 - 0x00007fff7de93000 	C:\WINDOWS\System32\KERNELBASE.dll
0x00007fff7f1c0000 - 0x00007fff7f261000 	C:\WINDOWS\System32\ADVAPI32.dll
0x00007fff7e090000 - 0x00007fff7e12e000 	C:\WINDOWS\System32\msvcrt.dll
0x00007fff7f120000 - 0x00007fff7f17b000 	C:\WINDOWS\System32\sechost.dll
0x00007fff7dea0000 - 0x00007fff7dfc4000 	C:\WINDOWS\System32\RPCRT4.dll
0x00007fff807f0000 - 0x00007fff80980000 	C:\WINDOWS\System32\USER32.dll
0x00007fff7dc00000 - 0x00007fff7dc20000 	C:\WINDOWS\System32\win32u.dll
0x00007fff7f180000 - 0x00007fff7f1a8000 	C:\WINDOWS\System32\GDI32.dll
0x00007fff7da60000 - 0x00007fff7dbf1000 	C:\WINDOWS\System32\gdi32full.dll
0x00007fff7cf40000 - 0x00007fff7cfdf000 	C:\WINDOWS\System32\msvcp_win.dll
0x00007fff7d6f0000 - 0x00007fff7d7e8000 	C:\WINDOWS\System32\ucrtbase.dll
0x00007fff700f0000 - 0x00007fff70359000 	C:\WINDOWS\WinSxS\amd64_microsoft.windows.common-controls_6595b64144ccf1df_6.0.17134.885_none_fb42a3473065565f\COMCTL32.dll
0x00007fff7ec40000 - 0x00007fff7ef62000 	C:\WINDOWS\System32\combase.dll
0x00007fff7d9e0000 - 0x00007fff7da59000 	C:\WINDOWS\System32\bcryptPrimitives.dll
0x00007fff7ec10000 - 0x00007fff7ec3d000 	C:\WINDOWS\System32\IMM32.DLL
0x0000000050660000 - 0x0000000050732000 	C:\Program Files\Android\Android Studio\jre\jre\bin\msvcr100.dll
0x0000000076830000 - 0x0000000077071000 	C:\Program Files\Android\Android Studio\jre\jre\bin\server\jvm.dll
0x00007fff7f270000 - 0x00007fff7f278000 	C:\WINDOWS\System32\PSAPI.DLL
0x00007fff7a640000 - 0x00007fff7a663000 	C:\WINDOWS\SYSTEM32\WINMM.dll
0x00007fff6daf0000 - 0x00007fff6daf9000 	C:\WINDOWS\SYSTEM32\WSOCK32.dll
0x00007fff70370000 - 0x00007fff7037a000 	C:\WINDOWS\SYSTEM32\VERSION.dll
0x00007fff7f2a0000 - 0x00007fff7f30c000 	C:\WINDOWS\System32\WS2_32.dll
0x00007fff7a610000 - 0x00007fff7a63a000 	C:\WINDOWS\SYSTEM32\winmmbase.dll
0x00007fff7ce90000 - 0x00007fff7ced9000 	C:\WINDOWS\System32\cfgmgr32.dll
0x00007fff6c100000 - 0x00007fff6c10f000 	C:\Program Files\Android\Android Studio\jre\jre\bin\verify.dll
0x00007fff5b7b0000 - 0x00007fff5b7d9000 	C:\Program Files\Android\Android Studio\jre\jre\bin\java.dll
0x00007fff5d1e0000 - 0x00007fff5d1f6000 	C:\Program Files\Android\Android Studio\jre\jre\bin\zip.dll
0x00007fff7f3b0000 - 0x00007fff807f0000 	C:\WINDOWS\System32\SHELL32.dll
0x00007fff7e140000 - 0x00007fff7e1e9000 	C:\WINDOWS\System32\shcore.dll
0x00007fff7cfe0000 - 0x00007fff7d6ed000 	C:\WINDOWS\System32\windows.storage.dll
0x00007fff7e030000 - 0x00007fff7e081000 	C:\WINDOWS\System32\shlwapi.dll
0x00007fff7cd70000 - 0x00007fff7cd81000 	C:\WINDOWS\System32\kernel.appcore.dll
0x00007fff7cdc0000 - 0x00007fff7cddf000 	C:\WINDOWS\System32\profapi.dll
0x00007fff7cd20000 - 0x00007fff7cd6c000 	C:\WINDOWS\System32\powrprof.dll
0x00007fff7cdb0000 - 0x00007fff7cdba000 	C:\WINDOWS\System32\FLTLIB.DLL
0x00007fff5bd40000 - 0x00007fff5bd5a000 	C:\Program Files\Android\Android Studio\jre\jre\bin\net.dll
0x00007fff7c1e0000 - 0x00007fff7c246000 	C:\WINDOWS\system32\mswsock.dll
0x00007fff5a910000 - 0x00007fff5a921000 	C:\Program Files\Android\Android Studio\jre\jre\bin\nio.dll
0x00007fff614b0000 - 0x00007fff614ce000 	C:\Users\Daniel Torres\.gradle\native\25\windows-amd64\native-platform.dll
0x00007fff6bd50000 - 0x00007fff6bd5d000 	C:\Program Files\Android\Android Studio\jre\jre\bin\management.dll
0x00007fff7c9e0000 - 0x00007fff7c9f7000 	C:\WINDOWS\SYSTEM32\CRYPTSP.dll
0x00007fff7bdd0000 - 0x00007fff7be03000 	C:\WINDOWS\system32\rsaenh.dll
0x00007fff7c7e0000 - 0x00007fff7c805000 	C:\WINDOWS\SYSTEM32\bcrypt.dll
0x00007fff7cc20000 - 0x00007fff7cc48000 	C:\WINDOWS\SYSTEM32\USERENV.dll
0x00007fff7c390000 - 0x00007fff7c39b000 	C:\WINDOWS\SYSTEM32\CRYPTBASE.dll
0x00007fff7bf70000 - 0x00007fff7bfa8000 	C:\WINDOWS\SYSTEM32\IPHLPAPI.DLL
0x00007fff7e130000 - 0x00007fff7e138000 	C:\WINDOWS\System32\NSI.dll
0x00007fff71a10000 - 0x00007fff71a26000 	C:\WINDOWS\SYSTEM32\dhcpcsvc6.DLL
0x00007fff71a50000 - 0x00007fff71a6a000 	C:\WINDOWS\SYSTEM32\dhcpcsvc.DLL

VM Arguments:
jvm_args: -Xmx1536m -Dfile.encoding=windows-1252 -Duser.country=US -Duser.language=en -Duser.variant 
java_command: org.gradle.launcher.daemon.bootstrap.GradleDaemon 5.1.1
java_class_path (initial): C:\Users\Daniel Torres\.gradle\wrapper\dists\gradle-5.1.1-all\97z1ksx6lirer3kbvdnh7jtjg\gradle-5.1.1\lib\gradle-launcher-5.1.1.jar
Launcher Type: SUN_STANDARD

Environment Variables:
PATH=C:\Program Files\Java\jdk-12.0.1\bin;C:\ProgramData\Oracle\Java\javapath;C:\Program Files (x86)\Intel\iCLS Client\;C:\Program Files\Intel\iCLS Client\;C:\WINDOWS\system32;C:\WINDOWS;C:\WINDOWS\System32\Wbem;C:\WINDOWS\System32\WindowsPowerShell\v1.0\;C:\Program Files (x86)\Intel\Intel(R) Management Engine Components\DAL;C:\Program Files\Intel\Intel(R) Management Engine Components\DAL;C:\Program Files (x86)\Intel\Intel(R) Management Engine Components\IPT;C:\Program Files\Intel\Intel(R) Management Engine Components\IPT;C:\WINDOWS\System32\OpenSSH\;C:\Program Files\nodejs\;C:\Program Files\Git\cmd;C:\Program Files\Git\mingw64\bin;C:\Program Files\Git\usr\bin;C:\sqlite;C:\Program Files\Java\jdk-12.0.1\bin;C:\Users\Daniel Torres\AppData\Local\Microsoft\WindowsApps;C:\Users\Daniel Torres\AppData\Roaming\npm;C:\Users\Daniel Torres\AppData\Local\Programs\Microsoft VS Code\bin;
USERNAME=Daniel Torres
OS=Windows_NT
PROCESSOR_IDENTIFIER=Intel64 Family 6 Model 142 Stepping 9, GenuineIntel



---------------  S Y S T E M  ---------------

OS: Windows 10.0 , 64 bit Build 17134 (10.0.17134.753)

CPU:total 4 (initial active 4) (2 cores per cpu, 2 threads per core) family 6 model 142 stepping 9, cmov, cx8, fxsr, mmx, sse, sse2, sse3, ssse3, sse4.1, sse4.2, popcnt, avx, avx2, aes, clmul, erms, 3dnowpref, lzcnt, ht, tsc, tscinvbit, bmi1, bmi2, adx

Memory: 4k page, physical 8255256k(648976k free), swap 13473560k(6732k free)

vm_info: OpenJDK 64-Bit Server VM (25.152-b01) for windows-amd64 JRE (1.8.0_152-release-1343-b01), built by "builder" with MS VC++ 10.0 (VS2010)

time: Mon Jul 29 13:03:26 2019
elapsed time: 4 seconds (0d 0h 0m 4s)

